<?xml version="1.0" encoding="UTF-8"?>
<testng-results skipped="0" failed="0" ignored="0" total="1" passed="1">
  <reporter-output>
  </reporter-output>
  <suite name="Default suite" duration-ms="22649" started-at="2020-03-06T09:50:38 IST" finished-at="2020-03-06T09:51:01 IST">
    <groups>
    </groups>
    <test name="Default test" duration-ms="22649" started-at="2020-03-06T09:50:38 IST" finished-at="2020-03-06T09:51:01 IST">
      <class name="basics.test.openbrowser">
        <test-method status="PASS" signature="openbrowser()[pri:0, instance:basics.test.openbrowser@4e7dc304]" name="openbrowser" duration-ms="22616" started-at="2020-03-06T09:50:38 IST" finished-at="2020-03-06T09:51:01 IST">
          <reporter-output>
          </reporter-output>
        </test-method> <!-- openbrowser -->
      </class> <!-- basics.test.openbrowser -->
    </test> <!-- Default test -->
  </suite> <!-- Default suite -->
</testng-results>
